TimeQuest Timing Analyzer report for lcd
Thu Aug 30 21:21:57 2018
Quartus II 64-Bit Version 10.1 Build 197 01/19/2011 Service Pack 1 SJ Web Edition


---------------------
; Table of Contents ;
---------------------
  1. Legal Notice
  2. TimeQuest Timing Analyzer Summary
  3. Parallel Compilation
  4. SDC File List
  5. Clocks
  6. Slow Model Fmax Summary
  7. Slow Model Setup Summary
  8. Slow Model Hold Summary
  9. Slow Model Recovery Summary
 10. Slow Model Removal Summary
 11. Slow Model Minimum Pulse Width Summary
 12. Slow Model Minimum Pulse Width: 'altera_reserved_tck'
 13. Slow Model Datasheet Report
 14. Fast Model Setup Summary
 15. Fast Model Hold Summary
 16. Fast Model Recovery Summary
 17. Fast Model Removal Summary
 18. Fast Model Minimum Pulse Width Summary
 19. Fast Model Minimum Pulse Width: 'altera_reserved_tck'
 20. Fast Model Datasheet Report
 21. Multicorner Timing Analysis Summary
 22. Clock Transfers
 23. Report TCCS
 24. Report RSKM
 25. Unconstrained Paths
 26. TimeQuest Timing Analyzer Messages



----------------
; Legal Notice ;
----------------
Copyright (C) 1991-2011 Altera Corporation
Your use of Altera Corporation's design tools, logic functions 
and other software and tools, and its AMPP partner logic 
functions, and any output files from any of the foregoing 
(including device programming or simulation files), and any 
associated documentation or information are expressly subject 
to the terms and conditions of the Altera Program License 
Subscription Agreement, Altera MegaCore Function License 
Agreement, or other applicable license agreement, including, 
without limitation, that your use is for the sole purpose of 
programming logic devices manufactured by Altera and sold by 
Altera or its authorized distributors.  Please refer to the 
applicable agreement for further details.



+--------------------------------------------------------------------------------------+
; TimeQuest Timing Analyzer Summary                                                    ;
+--------------------+-----------------------------------------------------------------+
; Quartus II Version ; Version 10.1 Build 197 01/19/2011 Service Pack 1 SJ Web Edition ;
; Revision Name      ; lcd                                                             ;
; Device Family      ; Cyclone II                                                      ;
; Device Name        ; EP2C70F896C8                                                    ;
; Timing Models      ; Final                                                           ;
; Delay Model        ; Combined                                                        ;
; Rise/Fall Delays   ; Unavailable                                                     ;
+--------------------+-----------------------------------------------------------------+


Parallel compilation was disabled, but you have multiple processors available. Enable parallel compilation to reduce compilation time.
+-------------------------------------+
; Parallel Compilation                ;
+----------------------------+--------+
; Processors                 ; Number ;
+----------------------------+--------+
; Number detected on machine ; 4      ;
; Maximum allowed            ; 1      ;
+----------------------------+--------+


+---------------------------------------------------+
; SDC File List                                     ;
+---------------+--------+--------------------------+
; SDC File Path ; Status ; Read at                  ;
+---------------+--------+--------------------------+
; cpu_0.sdc     ; OK     ; Thu Aug 30 21:21:54 2018 ;
+---------------+--------+--------------------------+


+-----------------------------------------------------------------------------------------------------------------------------------------------------------------------------------------------------------+
; Clocks                                                                                                                                                                                                    ;
+---------------------+------+---------+-----------+-------+--------+------------+-----------+-------------+-------+--------+-----------+------------+----------+--------+--------+-------------------------+
; Clock Name          ; Type ; Period  ; Frequency ; Rise  ; Fall   ; Duty Cycle ; Divide by ; Multiply by ; Phase ; Offset ; Edge List ; Edge Shift ; Inverted ; Master ; Source ; Targets                 ;
+---------------------+------+---------+-----------+-------+--------+------------+-----------+-------------+-------+--------+-----------+------------+----------+--------+--------+-------------------------+
; altera_reserved_tck ; Base ; 100.000 ; 10.0 MHz  ; 0.000 ; 50.000 ;            ;           ;             ;       ;        ;           ;            ;          ;        ;        ; { altera_reserved_tck } ;
+---------------------+------+---------+-----------+-------+--------+------------+-----------+-------------+-------+--------+-----------+------------+----------+--------+--------+-------------------------+


---------------------------
; Slow Model Fmax Summary ;
---------------------------
No paths to report.


----------------------------
; Slow Model Setup Summary ;
----------------------------
No paths to report.


---------------------------
; Slow Model Hold Summary ;
---------------------------
No paths to report.


-------------------------------
; Slow Model Recovery Summary ;
-------------------------------
No paths to report.


------------------------------
; Slow Model Removal Summary ;
------------------------------
No paths to report.


+----------------------------------------------+
; Slow Model Minimum Pulse Width Summary       ;
+---------------------+--------+---------------+
; Clock               ; Slack  ; End Point TNS ;
+---------------------+--------+---------------+
; altera_reserved_tck ; 97.223 ; 0.000         ;
+---------------------+--------+---------------+


+-------------------------------------------------------------------------------------------------------------+
; Slow Model Minimum Pulse Width: 'altera_reserved_tck'                                                       ;
+--------+--------------+----------------+-----------+---------------------+------------+---------------------+
; Slack  ; Actual Width ; Required Width ; Type      ; Clock               ; Clock Edge ; Target              ;
+--------+--------------+----------------+-----------+---------------------+------------+---------------------+
; 97.223 ; 100.000      ; 2.777          ; Port Rate ; altera_reserved_tck ; Rise       ; altera_reserved_tck ;
+--------+--------------+----------------+-----------+---------------------+------------+---------------------+


-------------------------------
; Slow Model Datasheet Report ;
-------------------------------
Nothing to report.


----------------------------
; Fast Model Setup Summary ;
----------------------------
No paths to report.


---------------------------
; Fast Model Hold Summary ;
---------------------------
No paths to report.


-------------------------------
; Fast Model Recovery Summary ;
-------------------------------
No paths to report.


------------------------------
; Fast Model Removal Summary ;
------------------------------
No paths to report.


+----------------------------------------------+
; Fast Model Minimum Pulse Width Summary       ;
+---------------------+--------+---------------+
; Clock               ; Slack  ; End Point TNS ;
+---------------------+--------+---------------+
; altera_reserved_tck ; 97.778 ; 0.000         ;
+---------------------+--------+---------------+


+-------------------------------------------------------------------------------------------------------------+
; Fast Model Minimum Pulse Width: 'altera_reserved_tck'                                                       ;
+--------+--------------+----------------+-----------+---------------------+------------+---------------------+
; Slack  ; Actual Width ; Required Width ; Type      ; Clock               ; Clock Edge ; Target              ;
+--------+--------------+----------------+-----------+---------------------+------------+---------------------+
; 97.778 ; 100.000      ; 2.222          ; Port Rate ; altera_reserved_tck ; Rise       ; altera_reserved_tck ;
+--------+--------------+----------------+-----------+---------------------+------------+---------------------+


-------------------------------
; Fast Model Datasheet Report ;
-------------------------------
Nothing to report.


+--------------------------------------------------------------------------------+
; Multicorner Timing Analysis Summary                                            ;
+----------------------+-------+------+----------+---------+---------------------+
; Clock                ; Setup ; Hold ; Recovery ; Removal ; Minimum Pulse Width ;
+----------------------+-------+------+----------+---------+---------------------+
; Worst-case Slack     ; N/A   ; N/A  ; N/A      ; N/A     ; 97.223              ;
;  altera_reserved_tck ; N/A   ; N/A  ; N/A      ; N/A     ; 97.223              ;
; Design-wide TNS      ; 0.0   ; 0.0  ; 0.0      ; 0.0     ; 0.0                 ;
;  altera_reserved_tck ; N/A   ; N/A  ; N/A      ; N/A     ; 0.000               ;
+----------------------+-------+------+----------+---------+---------------------+


-------------------
; Clock Transfers ;
-------------------
Nothing to report.


---------------
; Report TCCS ;
---------------
No dedicated SERDES Transmitter circuitry present in device or used in design


---------------
; Report RSKM ;
---------------
No dedicated SERDES Receiver circuitry present in device or used in design


+------------------------------------------------+
; Unconstrained Paths                            ;
+---------------------------------+-------+------+
; Property                        ; Setup ; Hold ;
+---------------------------------+-------+------+
; Illegal Clocks                  ; 0     ; 0    ;
; Unconstrained Clocks            ; 1     ; 1    ;
; Unconstrained Input Ports       ; 9     ; 9    ;
; Unconstrained Input Port Paths  ; 18    ; 18   ;
; Unconstrained Output Ports      ; 14    ; 14   ;
; Unconstrained Output Port Paths ; 358   ; 358  ;
+---------------------------------+-------+------+


+------------------------------------+
; TimeQuest Timing Analyzer Messages ;
+------------------------------------+
Info: *******************************************************************
Info: Running Quartus II 64-Bit TimeQuest Timing Analyzer
    Info: Version 10.1 Build 197 01/19/2011 Service Pack 1 SJ Web Edition
    Info: Processing started: Thu Aug 30 21:21:48 2018
Info: Command: quartus_sta lcd -c lcd
Info: qsta_default_script.tcl version: #4
Info: Low junction temperature is 0 degrees C
Info: High junction temperature is 85 degrees C
Info: Evaluating HDL-embedded SDC commands
    Info: Entity alt_jtag_atlantic
        Info: set_false_path -from [get_registers {*|alt_jtag_atlantic:*|jupdate}] -to [get_registers {*|alt_jtag_atlantic:*|jupdate1*}] 
        Info: set_false_path -from [get_registers {*|alt_jtag_atlantic:*|rdata[*]}] -to [get_registers {*|alt_jtag_atlantic*|td_shift[*]}]
        Info: set_false_path -from [get_registers {*|alt_jtag_atlantic:*|rdata[*]}] -to [get_registers {*|alt_jtag_atlantic*|td_shift[*]}]
        Info: set_false_path -from [get_registers {*|alt_jtag_atlantic:*|rdata[*]}] -to [get_registers {*|alt_jtag_atlantic*|td_shift[*]}]
        Info: set_false_path -from [get_registers {*|alt_jtag_atlantic:*|rdata[*]}] -to [get_registers {*|alt_jtag_atlantic*|td_shift[*]}]
        Info: set_false_path -from [get_registers {*|alt_jtag_atlantic:*|rdata[*]}] -to [get_registers {*|alt_jtag_atlantic*|td_shift[*]}]
        Info: set_false_path -from [get_registers {*|alt_jtag_atlantic:*|rdata[*]}] -to [get_registers {*|alt_jtag_atlantic*|td_shift[*]}]
        Info: set_false_path -from [get_registers {*|alt_jtag_atlantic:*|rdata[*]}] -to [get_registers {*|alt_jtag_atlantic*|td_shift[*]}]
        Info: set_false_path -from [get_registers {*|alt_jtag_atlantic:*|rdata[*]}] -to [get_registers {*|alt_jtag_atlantic*|td_shift[*]}]
        Info: set_false_path -from [get_registers {*|alt_jtag_atlantic:*|read_req}]
        Info: set_false_path -from [get_registers {*|alt_jtag_atlantic:*|read_write}] -to [get_registers {*|alt_jtag_atlantic:*|read_write1*}] 
        Info: set_false_path -from [get_registers {*|alt_jtag_atlantic:*|rvalid}] -to [get_registers {*|alt_jtag_atlantic*|td_shift[*]}]
        Info: set_false_path -from [get_registers {*|t_dav}] -to [get_registers {*|alt_jtag_atlantic:*|td_shift[0]*}]
        Info: set_false_path -from [get_registers {*|t_dav}] -to [get_registers {*|alt_jtag_atlantic:*|write_stalled*}]
        Info: set_false_path -from [get_registers {*|t_dav}] -to [get_registers {*|alt_jtag_atlantic:*|td_shift[0]*}]
        Info: set_false_path -from [get_registers {*|t_dav}] -to [get_registers {*|alt_jtag_atlantic:*|write_stalled*}]
        Info: set_false_path -from [get_registers {*|t_dav}] -to [get_registers {*|alt_jtag_atlantic:*|td_shift[0]*}]
        Info: set_false_path -from [get_registers {*|t_dav}] -to [get_registers {*|alt_jtag_atlantic:*|write_stalled*}]
        Info: set_false_path -from [get_registers {*|t_dav}] -to [get_registers {*|alt_jtag_atlantic:*|td_shift[0]*}]
        Info: set_false_path -from [get_registers {*|t_dav}] -to [get_registers {*|alt_jtag_atlantic:*|write_stalled*}]
        Info: set_false_path -from [get_registers {*|t_dav}] -to [get_registers {*|alt_jtag_atlantic:*|td_shift[0]*}]
        Info: set_false_path -from [get_registers {*|t_dav}] -to [get_registers {*|alt_jtag_atlantic:*|write_stalled*}]
        Info: set_false_path -from [get_registers {*|t_dav}] -to [get_registers {*|alt_jtag_atlantic:*|td_shift[0]*}]
        Info: set_false_path -from [get_registers {*|t_dav}] -to [get_registers {*|alt_jtag_atlantic:*|write_stalled*}]
        Info: set_false_path -from [get_registers {*|t_dav}] -to [get_registers {*|alt_jtag_atlantic:*|td_shift[0]*}]
        Info: set_false_path -from [get_registers {*|t_dav}] -to [get_registers {*|alt_jtag_atlantic:*|write_stalled*}]
        Info: set_false_path -from [get_registers {*|t_dav}] -to [get_registers {*|alt_jtag_atlantic:*|td_shift[0]*}]
        Info: set_false_path -from [get_registers {*|t_dav}] -to [get_registers {*|alt_jtag_atlantic:*|write_stalled*}]
        Info: set_false_path -from [get_registers {*|t_dav}] -to [get_registers {*|alt_jtag_atlantic:*|td_shift[0]*}]
        Info: set_false_path -from [get_registers {*|t_dav}] -to [get_registers {*|alt_jtag_atlantic:*|write_stalled*}]
        Info: set_false_path -from [get_registers {*|t_dav}] -to [get_registers {*|alt_jtag_atlantic:*|td_shift[0]*}]
        Info: set_false_path -from [get_registers {*|t_dav}] -to [get_registers {*|alt_jtag_atlantic:*|write_stalled*}]
        Info: set_false_path -from [get_registers {*|t_dav}] -to [get_registers {*|alt_jtag_atlantic:*|td_shift[0]*}]
        Info: set_false_path -from [get_registers {*|t_dav}] -to [get_registers {*|alt_jtag_atlantic:*|write_stalled*}]
        Info: set_false_path -from [get_registers {*|alt_jtag_atlantic:*|user_saw_rvalid}] -to [get_registers {*|alt_jtag_atlantic:*|rvalid0*}]
        Info: set_false_path -from [get_registers {*|alt_jtag_atlantic:*|wdata[*]}] -to [get_registers {*}]
        Info: set_false_path -from [get_registers {*|alt_jtag_atlantic:*|wdata[*]}] -to [get_registers {*}]
        Info: set_false_path -from [get_registers {*|alt_jtag_atlantic:*|wdata[*]}] -to [get_registers {*}]
        Info: set_false_path -from [get_registers {*|alt_jtag_atlantic:*|wdata[*]}] -to [get_registers {*}]
        Info: set_false_path -from [get_registers {*|alt_jtag_atlantic:*|wdata[*]}] -to [get_registers {*}]
        Info: set_false_path -from [get_registers {*|alt_jtag_atlantic:*|wdata[*]}] -to [get_registers {*}]
        Info: set_false_path -from [get_registers {*|alt_jtag_atlantic:*|wdata[*]}] -to [get_registers {*}]
        Info: set_false_path -from [get_registers {*|alt_jtag_atlantic:*|wdata[*]}] -to [get_registers {*}]
        Info: set_false_path -from [get_registers {*|alt_jtag_atlantic:*|write_stalled}] -to [get_registers {*|alt_jtag_atlantic:*|t_ena*}]
        Info: set_false_path -from [get_registers {*|alt_jtag_atlantic:*|write_stalled}] -to [get_registers {*|alt_jtag_atlantic:*|t_pause*}]
        Info: set_false_path -from [get_registers {*|alt_jtag_atlantic:*|write_valid}]
    Info: Entity altera_std_synchronizer
        Info: set_false_path -to [get_keepers {*altera_std_synchronizer:*|din_s1}]
    Info: Entity sld_hub
        Info: create_clock -period 10MHz -name altera_reserved_tck [get_ports {altera_reserved_tck}]
        Info: set_clock_groups -asynchronous -group {altera_reserved_tck}
Warning: Ignored filter at qsta_default_script.tcl(876): *|alt_jtag_atlantic:*|read_req could not be matched with a register
Warning: Ignored set_false_path at qsta_default_script.tcl(876): Argument <from> is an empty collection
    Info: read_sdc
Warning: Ignored filter at qsta_default_script.tcl(876): *|alt_jtag_atlantic:*|rvalid0* could not be matched with a register
Warning: Ignored set_false_path at qsta_default_script.tcl(876): Argument <to> is an empty collection
    Info: read_sdc
Info: Reading SDC File: 'cpu_0.sdc'
Warning: Node: clk_0 was determined to be a clock but was found without an associated clock assignment.
Info: Analyzing Slow Model
Info: No fmax paths to report
Info: No Setup paths to report
Info: No Hold paths to report
Info: No Recovery paths to report
Info: No Removal paths to report
Info: Worst-case minimum pulse width slack is 97.223
    Info:     Slack End Point TNS Clock 
    Info: ========= ============= =====================
    Info:    97.223         0.000 altera_reserved_tck 
Info: The selected device family is not supported by the report_metastability command.
Info: Analyzing Fast Model
Info: Started post-fitting delay annotation
Warning: Found 14 output pins without output pin load capacitance assignment
    Info: Pin "LCD_data_to_and_from_the_lcd_0[0]" has no specified output pin load capacitance -- assuming default load capacitance of 0 pF for timing analysis
    Info: Pin "LCD_data_to_and_from_the_lcd_0[1]" has no specified output pin load capacitance -- assuming default load capacitance of 0 pF for timing analysis
    Info: Pin "LCD_data_to_and_from_the_lcd_0[2]" has no specified output pin load capacitance -- assuming default load capacitance of 0 pF for timing analysis
    Info: Pin "LCD_data_to_and_from_the_lcd_0[3]" has no specified output pin load capacitance -- assuming default load capacitance of 0 pF for timing analysis
    Info: Pin "LCD_data_to_and_from_the_lcd_0[4]" has no specified output pin load capacitance -- assuming default load capacitance of 0 pF for timing analysis
    Info: Pin "LCD_data_to_and_from_the_lcd_0[5]" has no specified output pin load capacitance -- assuming default load capacitance of 0 pF for timing analysis
    Info: Pin "LCD_data_to_and_from_the_lcd_0[6]" has no specified output pin load capacitance -- assuming default load capacitance of 0 pF for timing analysis
    Info: Pin "LCD_data_to_and_from_the_lcd_0[7]" has no specified output pin load capacitance -- assuming default load capacitance of 0 pF for timing analysis
    Info: Pin "LCD_E_from_the_lcd_0" has no specified output pin load capacitance -- assuming default load capacitance of 0 pF for timing analysis
    Info: Pin "LCD_RS_from_the_lcd_0" has no specified output pin load capacitance -- assuming default load capacitance of 0 pF for timing analysis
    Info: Pin "LCD_RW_from_the_lcd_0" has no specified output pin load capacitance -- assuming default load capacitance of 0 pF for timing analysis
    Info: Pin "out_port_from_the_pio_0[0]" has no specified output pin load capacitance -- assuming default load capacitance of 0 pF for timing analysis
    Info: Pin "out_port_from_the_pio_0[1]" has no specified output pin load capacitance -- assuming default load capacitance of 0 pF for timing analysis
    Info: Pin "out_port_from_the_pio_0[2]" has no specified output pin load capacitance -- assuming default load capacitance of 0 pF for timing analysis
Info: Delay annotation completed successfully
Warning: Node: clk_0 was determined to be a clock but was found without an associated clock assignment.
Info: No Setup paths to report
Info: No Hold paths to report
Info: No Recovery paths to report
Info: No Removal paths to report
Info: Worst-case minimum pulse width slack is 97.778
    Info:     Slack End Point TNS Clock 
    Info: ========= ============= =====================
    Info:    97.778         0.000 altera_reserved_tck 
Info: The selected device family is not supported by the report_metastability command.
Info: Design is not fully constrained for setup requirements
Info: Design is not fully constrained for hold requirements
Info: Quartus II 64-Bit TimeQuest Timing Analyzer was successful. 0 errors, 7 warnings
    Info: Peak virtual memory: 4546 megabytes
    Info: Processing ended: Thu Aug 30 21:21:57 2018
    Info: Elapsed time: 00:00:09
    Info: Total CPU time (on all processors): 00:00:03


